<?xml version="1.0" encoding="UTF-8"?>
<!-- Generated by org.testng.reporters.JUnitReportReporter -->
<testsuite hostname="BANRAOAD-M" failures="0" tests="1" name="pim.automation.framework.TC_003_BSAPIE_Test" time="53.547" errors="0" timestamp="2025-05-16T16:29:52 IST" skipped="0">
  <testcase classname="pim.automation.framework.TC_003_BSAPIE_Test" name="BSAPIEOwner" time="53.547"/>
  <system-out/>
</testsuite> <!-- pim.automation.framework.TC_003_BSAPIE_Test -->
