<?xml version="1.0" encoding="UTF-8"?>
<!-- Generated by org.testng.reporters.JUnitReportReporter -->
<testsuite hostname="BANRAOAD-M" failures="0" tests="1" name="Post_ETL_Update.TC005_Post_ETL_Region_DELETE_BSAPIEAutoRegionField" time="66.884" errors="0" timestamp="2025-07-28T19:48:13 IST" skipped="0">
  <testcase classname="Post_ETL_Update.TC005_Post_ETL_Region_DELETE_BSAPIEAutoRegionField" name="BeforeETL_GetAllRegions_AutoRegionField" time="66.884"/>
  <system-out/>
</testsuite> <!-- Post_ETL_Update.TC005_Post_ETL_Region_DELETE_BSAPIEAutoRegionField -->
