<?xml version="1.0" encoding="UTF-8"?>
<!-- Generated by org.testng.reporters.JUnitReportReporter -->
<testsuite hostname="BANRAOAD-M" failures="0" tests="1" name="pim.automation.framework.TC_002_MarketingWorkFlowApproval" time="72.075" errors="0" timestamp="2025-05-16T13:45:00 IST" skipped="0">
  <testcase classname="pim.automation.framework.TC_002_MarketingWorkFlowApproval" name="MarketingWorkFlowApproval" time="72.075"/>
  <system-out/>
</testsuite> <!-- pim.automation.framework.TC_002_MarketingWorkFlowApproval -->
