<?xml version="1.0" encoding="UTF-8"?>
<!-- Generated by org.testng.reporters.JUnitReportReporter -->
<testsuite hostname="BANRAOAD-M" failures="0" tests="1" name="pim.automation.framework.TC_007_OnHold_BSA_OnHold_UserSelected" time="118.228" errors="0" timestamp="2025-07-28T20:13:28 IST" skipped="0">
  <testcase classname="pim.automation.framework.TC_007_OnHold_BSA_OnHold_UserSelected" name="BSAPIEOwner" time="118.228"/>
  <system-out/>
</testsuite> <!-- pim.automation.framework.TC_007_OnHold_BSA_OnHold_UserSelected -->
