<?xml version="1.0" encoding="UTF-8"?>
<!-- Generated by org.testng.reporters.JUnitReportReporter -->
<testsuite hostname="BANRAOAD-M" failures="0" tests="1" name="PreETL_Update.TC007_Pre_ETL_UpdatingApprovedRecwithAutoApproveattributes" time="45.525" errors="0" timestamp="2025-08-06T17:14:08 IST" skipped="0">
  <testcase classname="PreETL_Update.TC007_Pre_ETL_UpdatingApprovedRecwithAutoApproveattributes" name="BeforeETL_GetAllAttributes" time="45.525"/>
  <system-out/>
</testsuite> <!-- PreETL_Update.TC007_Pre_ETL_UpdatingApprovedRecwithAutoApproveattributes -->
