<?xml version="1.0" encoding="UTF-8"?>
<!-- Generated by org.testng.reporters.JUnitReportReporter -->
<testsuite hostname="BANRAOAD-M" failures="0" tests="1" name="pim.automation.framework.abc" time="8.437" errors="0" timestamp="2025-03-27T20:04:23 IST" skipped="0">
  <testcase classname="pim.automation.framework.abc" name="tc01" time="8.437"/>
  <system-out/>
</testsuite> <!-- pim.automation.framework.abc -->
