<?xml version="1.0" encoding="UTF-8"?>
<!-- Generated by org.testng.reporters.JUnitReportReporter -->
<testsuite hostname="BANRAOAD-M" failures="0" tests="1" name="PreETL_Update.TC004_NewRegionaddedtotheBSAPIEAutoRegionField" time="69.625" errors="0" timestamp="2025-07-24T13:50:17 IST" skipped="0">
  <testcase classname="PreETL_Update.TC004_NewRegionaddedtotheBSAPIEAutoRegionField" name="BeforeETL_GetAllRegions_AutoRegionField" time="69.625"/>
  <system-out/>
</testsuite> <!-- PreETL_Update.TC004_NewRegionaddedtotheBSAPIEAutoRegionField -->
