<?xml version="1.0" encoding="UTF-8"?>
<!-- Generated by org.testng.reporters.JUnitReportReporter -->
<testsuite hostname="BANRAOAD-M" failures="0" tests="1" name="Post_ETL_Update.TC_001_OnHold_PostETLCheck" time="201.547" errors="0" timestamp="2025-07-28T12:28:48 IST" skipped="0">
  <testcase classname="Post_ETL_Update.TC_001_OnHold_PostETLCheck" name="Post_ETL_Upgrade_Check" time="201.547"/>
  <system-out/>
</testsuite> <!-- Post_ETL_Update.TC_001_OnHold_PostETLCheck -->
