<?xml version="1.0" encoding="UTF-8"?>
<!-- Generated by org.testng.reporters.JUnitReportReporter -->
<testsuite hostname="BANRAOAD-M" failures="0" tests="1" name="PreETL_Update.TC_001_Update_BSAPIE_record_OnHold_RuleTriggered" time="94.276" errors="0" timestamp="2025-07-25T16:55:25 IST" skipped="0">
  <testcase classname="PreETL_Update.TC_001_Update_BSAPIE_record_OnHold_RuleTriggered" name="BSAPIEOwner" time="94.276"/>
  <system-out/>
</testsuite> <!-- PreETL_Update.TC_001_Update_BSAPIE_record_OnHold_RuleTriggered -->
