<?xml version="1.0" encoding="UTF-8"?>
<!-- Generated by org.testng.reporters.JUnitReportReporter -->
<testsuite hostname="BANRAOAD-M" failures="0" tests="1" name="pim.automation.framework.TC_003_OnHoldBSAPIE_UserSelect" time="102.712" errors="0" timestamp="2025-07-28T20:41:07 IST" skipped="0">
  <testcase classname="pim.automation.framework.TC_003_OnHoldBSAPIE_UserSelect" name="BSAPIEOwner" time="102.712"/>
  <system-out/>
</testsuite> <!-- pim.automation.framework.TC_003_OnHoldBSAPIE_UserSelect -->
