<?xml version="1.0" encoding="UTF-8"?>
<!-- Generated by org.testng.reporters.JUnitReportReporter -->
<testsuite hostname="BANRAOAD-M" failures="0" tests="1" name="pim.automation.framework.TC_001_Marketing_Owner_Test2" time="7.874" errors="0" timestamp="2025-05-06T12:35:23 IST" skipped="0">
  <testcase classname="pim.automation.framework.TC_001_Marketing_Owner_Test2" name="Marketing_Owner" time="7.874"/>
  <system-out/>
</testsuite> <!-- pim.automation.framework.TC_001_Marketing_Owner_Test2 -->
