<?xml version="1.0" encoding="UTF-8"?>
<!-- Generated by org.testng.reporters.JUnitReportReporter -->
<testsuite hostname="BANRAOAD-M" failures="0" tests="1" name="pim.automation.framework.TC_003_BSAPIE_Test" time="97.251" errors="0" timestamp="2025-05-28T10:10:08 IST" skipped="0">
  <testcase classname="pim.automation.framework.TC_003_BSAPIE_Test" name="BSAPIEOwner" time="97.251"/>
  <system-out/>
</testsuite> <!-- pim.automation.framework.TC_003_BSAPIE_Test -->
