<?xml version="1.0" encoding="UTF-8"?>
<!-- Generated by org.testng.reporters.JUnitReportReporter -->
<testsuite hostname="BANRAOAD-M" failures="0" tests="1" name="pim.automation.framework.TC_002_MarketingWorkFlowApproval" time="98.769" errors="0" timestamp="2025-07-23T15:39:19 IST" skipped="0">
  <testcase classname="pim.automation.framework.TC_002_MarketingWorkFlowApproval" name="MarketingWorkFlowApproval" time="98.769"/>
  <system-out/>
</testsuite> <!-- pim.automation.framework.TC_002_MarketingWorkFlowApproval -->
