<?xml version="1.0" encoding="UTF-8"?>
<!-- Generated by org.testng.reporters.JUnitReportReporter -->
<testsuite hostname="BANRAOAD-M" failures="0" tests="1" name="pim.automation.framework.DatareadTest" time="0.802" errors="0" timestamp="2025-07-08T11:54:49 IST" skipped="0">
  <testcase classname="pim.automation.framework.DatareadTest" name="readsheet" time="0.802"/>
  <system-out/>
</testsuite> <!-- pim.automation.framework.DatareadTest -->
