<?xml version="1.0" encoding="UTF-8"?>
<!-- Generated by org.testng.reporters.JUnitReportReporter -->
<testsuite hostname="BANRAOAD-M" failures="0" tests="1" name="PreETL_Update.TC005_Pre_ETL_Region_DELETE_BSAPIEAutoRegionField" time="75.575" errors="0" timestamp="2025-07-25T16:55:25 IST" skipped="0">
  <testcase classname="PreETL_Update.TC005_Pre_ETL_Region_DELETE_BSAPIEAutoRegionField" name="BeforeETL_GetAllRegions_AutoRegionField" time="75.575"/>
  <system-out/>
</testsuite> <!-- PreETL_Update.TC005_Pre_ETL_Region_DELETE_BSAPIEAutoRegionField -->
