<?xml version="1.0" encoding="UTF-8"?>
<!-- Generated by org.testng.reporters.JUnitReportReporter -->
<testsuite hostname="BANRAOAD-M" failures="0" tests="1" name="Post_ETL_Update.TC006_Post_ETL_UserupdatingBSAPIERegionsOverride" time="158.901" errors="0" timestamp="2025-08-05T17:02:29 IST" skipped="0">
  <testcase classname="Post_ETL_Update.TC006_Post_ETL_UserupdatingBSAPIERegionsOverride" name="BeforeETL_GetAllRegions_AutoRegionField" time="158.901"/>
  <system-out/>
</testsuite> <!-- Post_ETL_Update.TC006_Post_ETL_UserupdatingBSAPIERegionsOverride -->
