<?xml version="1.0" encoding="UTF-8"?>
<!-- Generated by org.testng.reporters.JUnitReportReporter -->
<testsuite hostname="BANRAOAD-M" failures="0" tests="1" name="pim.automation.framework.TC_006_BSAPIE_User_updating_BSA_PIE_Regions_Override" time="105.388" errors="0" timestamp="2025-08-13T16:05:47 IST" skipped="0">
  <testcase classname="pim.automation.framework.TC_006_BSAPIE_User_updating_BSA_PIE_Regions_Override" name="BSAPIEOwner" time="105.388"/>
  <system-out/>
</testsuite> <!-- pim.automation.framework.TC_006_BSAPIE_User_updating_BSA_PIE_Regions_Override -->
