<?xml version="1.0" encoding="UTF-8"?>
<!-- Generated by org.testng.reporters.JUnitReportReporter -->
<testsuite hostname="BANRAOAD-M" failures="0" tests="1" name="pim.automation.framework.Test124" time="0.011" errors="0" timestamp="2025-04-01T17:16:40 IST" skipped="0">
  <testcase classname="pim.automation.framework.Test124" name="run1" time="0.011"/>
  <system-out/>
</testsuite> <!-- pim.automation.framework.Test124 -->
