<?xml version="1.0" encoding="UTF-8"?>
<!-- Generated by org.testng.reporters.JUnitReportReporter -->
<testsuite hostname="BANRAOAD-M" failures="0" tests="1" name="PreETL_Update.TC004_Pre_ETL_NewRegion_ADD_totheBSAPIEAutoRegionField" time="111.019" errors="0" timestamp="2025-07-25T16:55:25 IST" skipped="0">
  <testcase classname="PreETL_Update.TC004_Pre_ETL_NewRegion_ADD_totheBSAPIEAutoRegionField" name="BeforeETL_GetAllRegions_AutoRegionField" time="111.019"/>
  <system-out/>
</testsuite> <!-- PreETL_Update.TC004_Pre_ETL_NewRegion_ADD_totheBSAPIEAutoRegionField -->
