<?xml version="1.0" encoding="UTF-8"?>
<!-- Generated by org.testng.reporters.JUnitReportReporter -->
<testsuite hostname="BANRAOAD-M" failures="0" tests="1" name="PreETL_Update.TC006_Pre_ETL_UserupdatingBSAPIERegionsOverride" time="92.305" errors="0" timestamp="2025-08-01T15:37:40 IST" skipped="0">
  <testcase classname="PreETL_Update.TC006_Pre_ETL_UserupdatingBSAPIERegionsOverride" name="BeforeETL_GetAllRegions_AutoRegionField" time="92.305"/>
  <system-out/>
</testsuite> <!-- PreETL_Update.TC006_Pre_ETL_UserupdatingBSAPIERegionsOverride -->
