<?xml version="1.0" encoding="UTF-8"?>
<!-- Generated by org.testng.reporters.JUnitReportReporter -->
<testsuite hostname="BANRAOAD-M" failures="0" tests="1" name="pim.automation.framework.TC_001_Marketing" time="40.115" errors="0" timestamp="2025-03-13T10:26:01 IST" skipped="0">
  <testcase classname="pim.automation.framework.TC_001_Marketing" name="getVersion" time="40.115"/>
  <system-out/>
</testsuite> <!-- pim.automation.framework.TC_001_Marketing -->
