<?xml version="1.0" encoding="UTF-8"?>
<!-- Generated by org.testng.reporters.JUnitReportReporter -->
<testsuite hostname="BANRAOAD-M" failures="0" tests="1" name="Post_ETL_Update.TC_002_Update_BSAPIEPendingUseCaseApproval" time="0.014" errors="0" timestamp="2025-07-24T09:16:21 IST" skipped="0">
  <testcase classname="Post_ETL_Update.TC_002_Update_BSAPIEPendingUseCaseApproval" name="UpdatePending_PostETL" time="0.014"/>
  <system-out/>
</testsuite> <!-- Post_ETL_Update.TC_002_Update_BSAPIEPendingUseCaseApproval -->
