<?xml version="1.0" encoding="UTF-8"?>
<!-- Generated by org.testng.reporters.JUnitReportReporter -->
<testsuite hostname="BANRAOAD-M" failures="0" tests="1" name="pim.automation.framework.TC_004_Digital_Asset_Approve_AddImage" time="170.333" errors="0" timestamp="2025-07-28T20:34:29 IST" skipped="0">
  <testcase classname="pim.automation.framework.TC_004_Digital_Asset_Approve_AddImage" name="DigitalAsset" time="170.333"/>
  <system-out/>
</testsuite> <!-- pim.automation.framework.TC_004_Digital_Asset_Approve_AddImage -->
