<?xml version="1.0" encoding="UTF-8"?>
<!-- Generated by org.testng.reporters.JUnitReportReporter -->
<testsuite hostname="BANRAOAD-M" failures="0" tests="1" name="pim.automation.framework.TC_001_Marketing_Owner_Test" time="114.137" errors="0" timestamp="2025-07-23T15:39:19 IST" skipped="0">
  <testcase classname="pim.automation.framework.TC_001_Marketing_Owner_Test" name="Marketing_Owner" time="114.137"/>
  <system-out/>
</testsuite> <!-- pim.automation.framework.TC_001_Marketing_Owner_Test -->
