<?xml version="1.0" encoding="UTF-8"?>
<!-- Generated by org.testng.reporters.JUnitReportReporter -->
<testsuite hostname="BANRAOAD-M" failures="0" tests="1" name="pim.automation.framework.TC_005_BSAPIE_Pending_UseCase_Approval" time="21.965" errors="1" timestamp="2025-08-13T14:31:06 IST" skipped="0">
  <testcase classname="pim.automation.framework.TC_005_BSAPIE_Pending_UseCase_Approval" name="BSAPIEOwner" time="21.965">
    <error message="element click intercepted: Element &lt;div class=&quot;tab-title-content&quot; slot=&quot;tab-title-content&quot;&gt;...&lt;/div&gt; is not clickable at point (444, 189). Other element would receive the click: &lt;iframe data-wfx-element=&quot;true&quot; class=&quot;WFEMLYB WFEMI0B WFEMJBC WFEMHBC&quot; src=&quot;https://cdn.whatfix.com/prod/8b85d1c0-1a6a-11ea-8b3c-04013d24cf02/1754903380271/start.html?id=1755075654079349872052&amp;amp;theme=%7B%22font%22%3A%22Open+Sans%22%2C+%22font_css%22%3A%22https%3A%2F%2Ffonts.googleapis.com%2Fcss%3Ffamily%3DOpen%2BSans%22%7D&amp;amp;_anal=%5B%22usecaseownerpie%22%2C%22timkenfs%22%5D&amp;amp;via=embed&amp;amp;data-wfx-namespace=embed_8b85d1c01a6a11ea8b3c04013d24cf02&quot; id=&quot;wfx-frame-popup&quot; frameborder=&quot;0&quot; scrolling=&quot;no&quot; allowfullscreen=&quot;true&quot; mozallowfullscreen=&quot;true&quot; webkitallowfullscreen=&quot;true&quot; msallowfullscreen=&quot;true&quot; data-wfx-namespace=&quot;embed_8b85d1c01a6a11ea8b3c04013d24cf02&quot; title=&quot;Information popup&quot; style=&quot;height: 651px !important; position: static; width: 1536px !important;&quot;&gt;&lt;/iframe&gt;
  (Session info: chrome=138.0.7204.158)
Build info: version: &#039;4.23.1&#039;, revision: &#039;656257d8e9&#039;
System info: os.name: &#039;Windows 10&#039;, os.arch: &#039;amd64&#039;, os.version: &#039;10.0&#039;, java.version: &#039;21.0.4&#039;
Driver info: org.openqa.selenium.chrome.ChromeDriver
Command: [334ec205c7c0d36f0c70eac1b0569f20, clickElement {id=f.10D6D4A763F607C3E851721740DFEFD4.d.051A3AF9EE04DF23F476C708D77D96A6.e.76}]
Capabilities {acceptInsecureCerts: false, browserName: chrome, browserVersion: 138.0.7204.158, chrome: {chromedriverVersion: 138.0.7204.183 (e90faf484dd..., userDataDir: C:\Users\raoad\AppData\Loca...}, fedcm:accounts: true, goog:chromeOptions: {debuggerAddress: localhost:64421}, networkConnectionEnabled: false, pageLoadStrategy: normal, platformName: windows, proxy: Proxy(), se:cdp: ws://localhost:64421/devtoo..., se:cdpVersion: 138.0.7204.158, setWindowRect: true, strictFileInteractability: false, timeouts: {implicit: 0, pageLoad: 300000, script: 30000}, unhandledPromptBehavior: dismiss and notify, webauthn:extension:credBlob: true, webauthn:extension:largeBlob: true, webauthn:extension:minPinLength: true, webauthn:extension:prf: true, webauthn:virtualAuthenticators: true}
Element: [[[[org.openqa.selenium.remote.ShadowRoot@fd2a2fc2] -&gt; css selector: #tab-bsapieusecaseapproval]] -&gt; css selector: div]
Session ID: 334ec205c7c0d36f0c70eac1b0569f20" type="org.openqa.selenium.ElementClickInterceptedException">
      <![CDATA[org.openqa.selenium.ElementClickInterceptedException: element click intercepted: Element <div class="tab-title-content" slot="tab-title-content">...</div> is not clickable at point (444, 189). Other element would receive the click: <iframe data-wfx-element="true" class="WFEMLYB WFEMI0B WFEMJBC WFEMHBC" src="https://cdn.whatfix.com/prod/8b85d1c0-1a6a-11ea-8b3c-04013d24cf02/1754903380271/start.html?id=1755075654079349872052&amp;theme=%7B%22font%22%3A%22Open+Sans%22%2C+%22font_css%22%3A%22https%3A%2F%2Ffonts.googleapis.com%2Fcss%3Ffamily%3DOpen%2BSans%22%7D&amp;_anal=%5B%22usecaseownerpie%22%2C%22timkenfs%22%5D&amp;via=embed&amp;data-wfx-namespace=embed_8b85d1c01a6a11ea8b3c04013d24cf02" id="wfx-frame-popup" frameborder="0" scrolling="no" allowfullscreen="true" mozallowfullscreen="true" webkitallowfullscreen="true" msallowfullscreen="true" data-wfx-namespace="embed_8b85d1c01a6a11ea8b3c04013d24cf02" title="Information popup" style="height: 651px !important; position: static; width: 1536px !important;"></iframe>
  (Session info: chrome=138.0.7204.158)
Build info: version: '4.23.1', revision: '656257d8e9'
System info: os.name: 'Windows 10', os.arch: 'amd64', os.version: '10.0', java.version: '21.0.4'
Driver info: org.openqa.selenium.chrome.ChromeDriver
Command: [334ec205c7c0d36f0c70eac1b0569f20, clickElement {id=f.10D6D4A763F607C3E851721740DFEFD4.d.051A3AF9EE04DF23F476C708D77D96A6.e.76}]
Capabilities {acceptInsecureCerts: false, browserName: chrome, browserVersion: 138.0.7204.158, chrome: {chromedriverVersion: 138.0.7204.183 (e90faf484dd..., userDataDir: C:\Users\raoad\AppData\Loca...}, fedcm:accounts: true, goog:chromeOptions: {debuggerAddress: localhost:64421}, networkConnectionEnabled: false, pageLoadStrategy: normal, platformName: windows, proxy: Proxy(), se:cdp: ws://localhost:64421/devtoo..., se:cdpVersion: 138.0.7204.158, setWindowRect: true, strictFileInteractability: false, timeouts: {implicit: 0, pageLoad: 300000, script: 30000}, unhandledPromptBehavior: dismiss and notify, webauthn:extension:credBlob: true, webauthn:extension:largeBlob: true, webauthn:extension:minPinLength: true, webauthn:extension:prf: true, webauthn:virtualAuthenticators: true}
Element: [[[[org.openqa.selenium.remote.ShadowRoot@fd2a2fc2] -> css selector: #tab-bsapieusecaseapproval]] -> css selector: div]
Session ID: 334ec205c7c0d36f0c70eac1b0569f20
at java.base/jdk.internal.reflect.DirectConstructorHandleAccessor.newInstance(DirectConstructorHandleAccessor.java:62)
at java.base/java.lang.reflect.Constructor.newInstanceWithCaller(Constructor.java:502)
at java.base/java.lang.reflect.Constructor.newInstance(Constructor.java:486)
at org.openqa.selenium.remote.ErrorCodec.decode(ErrorCodec.java:167)
at org.openqa.selenium.remote.codec.w3c.W3CHttpResponseCodec.decode(W3CHttpResponseCodec.java:138)
at org.openqa.selenium.remote.codec.w3c.W3CHttpResponseCodec.decode(W3CHttpResponseCodec.java:50)
at org.openqa.selenium.remote.HttpCommandExecutor.execute(HttpCommandExecutor.java:190)
at org.openqa.selenium.remote.service.DriverCommandExecutor.invokeExecute(DriverCommandExecutor.java:216)
at org.openqa.selenium.remote.service.DriverCommandExecutor.execute(DriverCommandExecutor.java:174)
at org.openqa.selenium.remote.RemoteWebDriver.execute(RemoteWebDriver.java:545)
at org.openqa.selenium.remote.RemoteWebElement.execute(RemoteWebElement.java:223)
at org.openqa.selenium.remote.RemoteWebElement.click(RemoteWebElement.java:76)
at pim.automation.framework.TC_005_BSAPIE_Pending_UseCase_Approval.BSAPIEOwner(TC_005_BSAPIE_Pending_UseCase_Approval.java:78)
at java.base/jdk.internal.reflect.DirectMethodHandleAccessor.invoke(DirectMethodHandleAccessor.java:103)
at java.base/java.lang.reflect.Method.invoke(Method.java:580)
at org.testng.internal.MethodInvocationHelper.invokeMethod(MethodInvocationHelper.java:133)
at org.testng.internal.TestInvoker.invokeMethod(TestInvoker.java:598)
at org.testng.internal.TestInvoker.invokeTestMethod(TestInvoker.java:173)
at org.testng.internal.MethodRunner.runInSequence(MethodRunner.java:46)
at org.testng.internal.TestInvoker$MethodInvocationAgent.invoke(TestInvoker.java:824)
at org.testng.internal.TestInvoker.invokeTestMethods(TestInvoker.java:146)
at org.testng.internal.TestMethodWorker.invokeTestMethods(TestMethodWorker.java:146)
at org.testng.internal.TestMethodWorker.run(TestMethodWorker.java:128)
at java.base/java.util.ArrayList.forEach(ArrayList.java:1596)
at org.testng.TestRunner.privateRun(TestRunner.java:794)
at org.testng.TestRunner.run(TestRunner.java:596)
at org.testng.SuiteRunner.runTest(SuiteRunner.java:377)
at org.testng.SuiteRunner.runSequentially(SuiteRunner.java:371)
at org.testng.SuiteRunner.privateRun(SuiteRunner.java:332)
at org.testng.SuiteRunner.run(SuiteRunner.java:276)
at org.testng.SuiteRunnerWorker.runSuite(SuiteRunnerWorker.java:53)
at org.testng.SuiteRunnerWorker.run(SuiteRunnerWorker.java:96)
at org.testng.TestNG.runSuitesSequentially(TestNG.java:1212)
at org.testng.TestNG.runSuitesLocally(TestNG.java:1134)
at org.testng.TestNG.runSuites(TestNG.java:1063)
at org.testng.TestNG.run(TestNG.java:1031)
at org.testng.remote.AbstractRemoteTestNG.run(AbstractRemoteTestNG.java:115)
at org.testng.remote.RemoteTestNG.initAndRun(RemoteTestNG.java:293)
at org.testng.remote.RemoteTestNG.main(RemoteTestNG.java:91)
]]>
    </error>
  </testcase> <!-- BSAPIEOwner -->
  <system-out/>
</testsuite> <!-- pim.automation.framework.TC_005_BSAPIE_Pending_UseCase_Approval -->
