<?xml version="1.0" encoding="UTF-8"?>
<!-- Generated by org.testng.reporters.JUnitReportReporter -->
<testsuite hostname="BANRAOAD-M" failures="0" tests="1" name="pim.automation.framework.TC_001_Marketing_Owner" time="151.056" errors="0" timestamp="2025-03-19T17:17:08 IST" skipped="0">
  <testcase classname="pim.automation.framework.TC_001_Marketing_Owner" name="Marketing_Owner" time="151.056"/>
  <system-out/>
</testsuite> <!-- pim.automation.framework.TC_001_Marketing_Owner -->
