<?xml version="1.0" encoding="UTF-8"?>
<!-- Generated by org.testng.reporters.JUnitReportReporter -->
<testsuite hostname="BANRAOAD-M" failures="0" tests="1" name="pim.automation.framework_PreETL_Update.TC_001_Update_BSAPIE_record_OnHold_RuleTriggered" time="101.336" errors="0" timestamp="2025-07-18T13:18:13 IST" skipped="0">
  <testcase classname="pim.automation.framework_PreETL_Update.TC_001_Update_BSAPIE_record_OnHold_RuleTriggered" name="BSAPIEOwner" time="101.336"/>
  <system-out/>
</testsuite> <!-- pim.automation.framework_PreETL_Update.TC_001_Update_BSAPIE_record_OnHold_RuleTriggered -->
